<?xml version="1.0" encoding="UTF-8"?>
<testsuite xmlns:xsi="http://www.w3.org/2001/XMLSchema-instance" xsi:noNamespaceSchemaLocation="https://maven.apache.org/surefire/maven-surefire-plugin/xsd/surefire-test-report.xsd" name="recipeEvaluation.recipeEvaluationRunner" time="9.058" tests="10" errors="0" skipped="0" failures="0">
  <properties>
[...]
</properties>
  <testcase name="testEvaluations[1][1]" classname="recipeEvaluation.recipeEvaluationRunner" time="2.663"/>
  <testcase name="testEvaluations[1][2]" classname="recipeEvaluation.recipeEvaluationRunner" time="0.138"/>
  <testcase name="testEvaluations[1][3]" classname="recipeEvaluation.recipeEvaluationRunner" time="0.08"/>
  <testcase name="testEvaluations[1][4]" classname="recipeEvaluation.recipeEvaluationRunner" time="0.101"/>
  <testcase name="testEvaluations[1][5]" classname="recipeEvaluation.recipeEvaluationRunner" time="1.183"/>
  <testcase name="testEvaluations[1][6]" classname="recipeEvaluation.recipeEvaluationRunner" time="1.594"/>
  <testcase name="testEvaluations[1][7]" classname="recipeEvaluation.recipeEvaluationRunner" time="0.166"/>
  <testcase name="testEvaluations[1][8]" classname="recipeEvaluation.recipeEvaluationRunner" time="0.037"/>
  <testcase name="testEvaluations[1][9]" classname="recipeEvaluation.recipeEvaluationRunner" time="0.058"/>
  <testcase name="testEvaluations[1][10]" classname="recipeEvaluation.recipeEvaluationRunner" time="1.713"/>
</testsuite>